<?xml version="1.0" encoding="UTF-8"?>
<!-- Generated by org.testng.reporters.JUnitReportReporter -->
<testsuite skipped="3" hostname="HDC4-DX-8K9M6C2" name="com.TestNG.Logintest" tests="4" failures="0" timestamp="16 Jan 2019 09:51:10 GMT" time="0.000" errors="1">
  <testcase name="Launchapp" time="0.000" classname="com.TestNG.Logintest">
    <error type="org.testng.TestNGException" message="
Parameter &#039;Browser&#039; is required by BeforeMethod on method Launchapp but has not been marked @Optional or defined
in C:\Users\YASWANTH.UPPARAPALLI\AppData\Local\Temp\testng-eclipse--1221078669\testng-customsuite.xml">
      <![CDATA[org.testng.TestNGException: 
Parameter 'Browser' is required by BeforeMethod on method Launchapp but has not been marked @Optional or defined
in C:\Users\YASWANTH.UPPARAPALLI\AppData\Local\Temp\testng-eclipse--1221078669\testng-customsuite.xml
at org.testng.internal.Parameters.createParams(Parameters.java:290)
at org.testng.internal.Parameters.createParametersForMethod(Parameters.java:359)
at org.testng.internal.Parameters.createParameters(Parameters.java:620)
at org.testng.internal.Parameters.createConfigurationParameters(Parameters.java:190)
at org.testng.internal.Invoker.invokeConfigurations(Invoker.java:209)
at org.testng.internal.Invoker.invokeMethod(Invoker.java:520)
at org.testng.internal.Invoker.invokeTestMethod(Invoker.java:716)
at org.testng.internal.Invoker.invokeTestMethods(Invoker.java:988)
at org.testng.internal.TestMethodWorker.invokeTestMethods(TestMethodWorker.java:125)
at org.testng.internal.TestMethodWorker.run(TestMethodWorker.java:109)
at org.testng.TestRunner.privateRun(TestRunner.java:648)
at org.testng.TestRunner.run(TestRunner.java:505)
at org.testng.SuiteRunner.runTest(SuiteRunner.java:455)
at org.testng.SuiteRunner.runSequentially(SuiteRunner.java:450)
at org.testng.SuiteRunner.privateRun(SuiteRunner.java:415)
at org.testng.SuiteRunner.run(SuiteRunner.java:364)
at org.testng.SuiteRunnerWorker.runSuite(SuiteRunnerWorker.java:52)
at org.testng.SuiteRunnerWorker.run(SuiteRunnerWorker.java:84)
at org.testng.TestNG.runSuitesSequentially(TestNG.java:1208)
at org.testng.TestNG.runSuitesLocally(TestNG.java:1137)
at org.testng.TestNG.runSuites(TestNG.java:1049)
at org.testng.TestNG.run(TestNG.java:1017)
at org.testng.remote.AbstractRemoteTestNG.run(AbstractRemoteTestNG.java:114)
at org.testng.remote.RemoteTestNG.initAndRun(RemoteTestNG.java:251)
at org.testng.remote.RemoteTestNG.main(RemoteTestNG.java:77)
]]>
    </error>
  </testcase> <!-- Launchapp -->
  <testcase name="Urltest" time="0.000" classname="com.TestNG.Logintest">
    <skipped/>
  </testcase> <!-- Urltest -->
  <testcase name="logintest" classname="com.TestNG.Logintest">
    <skipped/>
  </testcase> <!-- logintest -->
  <testcase name="logintest2" classname="com.TestNG.Logintest">
    <skipped/>
  </testcase> <!-- logintest2 -->
</testsuite> <!-- com.TestNG.Logintest -->
